<?xml version="1.0" encoding="UTF-8"?>
<!-- Generated by org.testng.reporters.JUnitReportReporter -->
<testsuite skipped="0" hostname="PRINHYLTPHP0897" name="FinalTest" tests="6" failures="0" timestamp="2020-01-09T11:30:39 IST" time="34.233" errors="0">
  <testcase name="converter" time="8.849" classname="FinalTest"/>
  <testcase name="timer" time="2.153" classname="FinalTest"/>
  <testcase name="converterLink" time="5.823" classname="FinalTest"/>
  <testcase name="converterSwap" time="6.642" classname="FinalTest"/>
  <testcase name="localTime" time="2.500" classname="FinalTest"/>
  <testcase name="checkCalendar" time="8.266" classname="FinalTest"/>
</testsuite> <!-- FinalTest -->
